<?xml version="1.0" encoding="UTF-8"?>
<robot generator="Robot 6.1.1 (Python 3.11.3 on win32)" generated="20230907 19:58:27.141" rpa="false" schemaversion="4">
<suite id="s1" name="DemoRFW-CI" source="D:\Robot_FW\DemoRFW-CI">
<suite id="s1-s1" name="Tests" source="D:\Robot_FW\DemoRFW-CI\Tests">
<suite id="s1-s1-s1" name="New Testcase" source="D:\Robot_FW\DemoRFW-CI\Tests\new_testcase.robot">
<test id="s1-s1-s1-t1" name="amother test case" line="9">
<kw name="Log To Console" library="BuiltIn">
<arg>Hello Mars!</arg>
<doc>Logs the given message to the console.</doc>
<status status="PASS" starttime="20230907 19:58:27.202" endtime="20230907 19:58:27.203"/>
</kw>
<status status="PASS" starttime="20230907 19:58:27.199" endtime="20230907 19:58:27.204"/>
</test>
<status status="PASS" starttime="20230907 19:58:27.188" endtime="20230907 19:58:27.210"/>
</suite>
<status status="PASS" starttime="20230907 19:58:27.182" endtime="20230907 19:58:27.214"/>
</suite>
<status status="PASS" starttime="20230907 19:58:27.150" endtime="20230907 19:58:27.219"/>
</suite>
<statistics>
<total>
<stat pass="1" fail="0" skip="0">All Tests</stat>
</total>
<tag>
</tag>
<suite>
<stat pass="1" fail="0" skip="0" id="s1" name="DemoRFW-CI">DemoRFW-CI</stat>
<stat pass="1" fail="0" skip="0" id="s1-s1" name="Tests">DemoRFW-CI.Tests</stat>
<stat pass="1" fail="0" skip="0" id="s1-s1-s1" name="New Testcase">DemoRFW-CI.Tests.New Testcase</stat>
</suite>
</statistics>
<errors>
</errors>
</robot>
